{"t":{"$date":"2024-12-07T15:00:22.113+06:00"},"s":"I",  "c":"CONTROL",  "id":23285,   "ctx":"thread1","msg":"Automatically disabling TLS 1.0, to force-enable TLS 1.0 specify --sslDisabledProtocols 'none'"}
{"t":{"$date":"2024-12-07T15:00:22.116+06:00"},"s":"I",  "c":"CONTROL",  "id":5945603, "ctx":"thread1","msg":"Multi threading initialized"}
{"t":{"$date":"2024-12-07T15:00:22.116+06:00"},"s":"I",  "c":"NETWORK",  "id":4648601, "ctx":"thread1","msg":"Implicit TCP FastOpen unavailable. If TCP FastOpen is required, set at least one of the related parameters","attr":{"relatedParameters":["tcpFastOpenServer","tcpFastOpenClient","tcpFastOpenQueueSize"]}}
{"t":{"$date":"2024-12-07T15:00:22.117+06:00"},"s":"I",  "c":"NETWORK",  "id":4915701, "ctx":"thread1","msg":"Initialized wire specification","attr":{"spec":{"incomingExternalClient":{"minWireVersion":0,"maxWireVersion":25},"incomingInternalClient":{"minWireVersion":0,"maxWireVersion":25},"outgoing":{"minWireVersion":6,"maxWireVersion":25},"isInternalClient":true}}}
{"t":{"$date":"2024-12-07T15:00:22.118+06:00"},"s":"I",  "c":"CONTROL",  "id":23316,   "ctx":"thread1","msg":"Trying to start Windows service","attr":{"serviceName":"MongoDB"}}
{"t":{"$date":"2024-12-07T15:00:22.119+06:00"},"s":"I",  "c":"CONTROL",  "id":4615611, "ctx":"initandlisten","msg":"MongoDB starting","attr":{"pid":13520,"port":27017,"dbPath":"C:/Users/Moonshad/Documents/GitHub/Taxcom-Website/data/db","architecture":"64-bit","host":"DESKTOP-O3FOB0K"}}
{"t":{"$date":"2024-12-07T15:00:22.119+06:00"},"s":"I",  "c":"CONTROL",  "id":23398,   "ctx":"initandlisten","msg":"Target operating system minimum version","attr":{"targetMinOS":"Windows 7/Windows Server 2008 R2"}}
{"t":{"$date":"2024-12-07T15:00:22.119+06:00"},"s":"I",  "c":"CONTROL",  "id":23403,   "ctx":"initandlisten","msg":"Build Info","attr":{"buildInfo":{"version":"8.0.4","gitVersion":"bc35ab4305d9920d9d0491c1c9ef9b72383d31f9","modules":[],"allocator":"tcmalloc-gperf","environment":{"distmod":"windows","distarch":"x86_64","target_arch":"x86_64"}}}}
{"t":{"$date":"2024-12-07T15:00:22.119+06:00"},"s":"I",  "c":"CONTROL",  "id":51765,   "ctx":"initandlisten","msg":"Operating System","attr":{"os":{"name":"Microsoft Windows 10","version":"10.0 (build 19045)"}}}
{"t":{"$date":"2024-12-07T15:00:22.119+06:00"},"s":"I",  "c":"CONTROL",  "id":21951,   "ctx":"initandlisten","msg":"Options set by command line","attr":{"options":{"config":"C:\\Program Files\\MongoDB\\Server\\8.0\\bin\\mongod.cfg","net":{"bindIp":"127.0.0.1","port":27017},"service":true,"storage":{"dbPath":"C:\\Users\\Moonshad\\Documents\\GitHub\\Taxcom-Website\\data\\db"},"systemLog":{"destination":"file","logAppend":true,"path":"C:\\Users\\Moonshad\\Documents\\GitHub\\Taxcom-Website\\logs\\mongod.log"}}}}
{"t":{"$date":"2024-12-07T15:00:22.127+06:00"},"s":"I",  "c":"STORAGE",  "id":22270,   "ctx":"initandlisten","msg":"Storage engine to use detected by data files","attr":{"dbpath":"C:/Users/Moonshad/Documents/GitHub/Taxcom-Website/data/db","storageEngine":"wiredTiger"}}
{"t":{"$date":"2024-12-07T15:00:22.127+06:00"},"s":"I",  "c":"STORAGE",  "id":22315,   "ctx":"initandlisten","msg":"Opening WiredTiger","attr":{"config":"create,cache_size=6610M,session_max=33000,eviction=(threads_min=4,threads_max=4),config_base=false,statistics=(fast),log=(enabled=true,remove=true,path=journal,compressor=snappy),builtin_extension_config=(zstd=(compression_level=6)),file_manager=(close_idle_time=600,close_scan_interval=10,close_handle_minimum=2000),statistics_log=(wait=0),json_output=(error,message),verbose=[recovery_progress:1,checkpoint_progress:1,compact_progress:1,backup:0,checkpoint:0,compact:0,evict:0,history_store:0,recovery:0,rts:0,salvage:0,tiered:0,timestamp:0,transaction:0,verify:0,log:0],prefetch=(available=true,default=false),"}}
{"t":{"$date":"2024-12-07T15:00:22.181+06:00"},"s":"I",  "c":"WTRECOV",  "id":22430,   "ctx":"initandlisten","msg":"WiredTiger message","attr":{"message":{"ts_sec":1733562022,"ts_usec":180853,"thread":"13520:140728028977296","session_name":"txn-recover","category":"WT_VERB_RECOVERY_PROGRESS","category_id":34,"verbose_level":"DEBUG_1","verbose_level_id":1,"msg":"Recovering log 1 through 2"}}}
{"t":{"$date":"2024-12-07T15:00:22.225+06:00"},"s":"I",  "c":"WTRECOV",  "id":22430,   "ctx":"initandlisten","msg":"WiredTiger message","attr":{"message":{"ts_sec":1733562022,"ts_usec":224863,"thread":"13520:140728028977296","session_name":"txn-recover","category":"WT_VERB_RECOVERY_PROGRESS","category_id":34,"verbose_level":"DEBUG_1","verbose_level_id":1,"msg":"Recovering log 2 through 2"}}}
{"t":{"$date":"2024-12-07T15:00:22.286+06:00"},"s":"I",  "c":"WTRECOV",  "id":22430,   "ctx":"initandlisten","msg":"WiredTiger message","attr":{"message":{"ts_sec":1733562022,"ts_usec":285877,"thread":"13520:140728028977296","session_name":"txn-recover","category":"WT_VERB_RECOVERY_PROGRESS","category_id":34,"verbose_level":"DEBUG_1","verbose_level_id":1,"msg":"Main recovery loop: starting at 1/28800 to 2/256"}}}
{"t":{"$date":"2024-12-07T15:00:22.361+06:00"},"s":"I",  "c":"WTRECOV",  "id":22430,   "ctx":"initandlisten","msg":"WiredTiger message","attr":{"message":{"ts_sec":1733562022,"ts_usec":360894,"thread":"13520:140728028977296","session_name":"txn-recover","category":"WT_VERB_RECOVERY_PROGRESS","category_id":34,"verbose_level":"DEBUG_1","verbose_level_id":1,"msg":"Recovering log 1 through 2"}}}
{"t":{"$date":"2024-12-07T15:00:22.407+06:00"},"s":"I",  "c":"WTRECOV",  "id":22430,   "ctx":"initandlisten","msg":"WiredTiger message","attr":{"message":{"ts_sec":1733562022,"ts_usec":406904,"thread":"13520:140728028977296","session_name":"txn-recover","category":"WT_VERB_RECOVERY_PROGRESS","category_id":34,"verbose_level":"DEBUG_1","verbose_level_id":1,"msg":"Recovering log 2 through 2"}}}
{"t":{"$date":"2024-12-07T15:00:22.444+06:00"},"s":"I",  "c":"WTRECOV",  "id":22430,   "ctx":"initandlisten","msg":"WiredTiger message","attr":{"message":{"ts_sec":1733562022,"ts_usec":443913,"thread":"13520:140728028977296","session_name":"txn-recover","category":"WT_VERB_RECOVERY_PROGRESS","category_id":34,"verbose_level":"DEBUG_1","verbose_level_id":1,"msg":"recovery log replay has successfully finished and ran for 264 milliseconds"}}}
{"t":{"$date":"2024-12-07T15:00:22.444+06:00"},"s":"I",  "c":"WTRECOV",  "id":22430,   "ctx":"initandlisten","msg":"WiredTiger message","attr":{"message":{"ts_sec":1733562022,"ts_usec":443913,"thread":"13520:140728028977296","session_name":"txn-recover","category":"WT_VERB_RECOVERY_PROGRESS","category_id":34,"verbose_level":"DEBUG_1","verbose_level_id":1,"msg":"Set global recovery timestamp: (0, 0)"}}}
{"t":{"$date":"2024-12-07T15:00:22.444+06:00"},"s":"I",  "c":"WTRECOV",  "id":22430,   "ctx":"initandlisten","msg":"WiredTiger message","attr":{"message":{"ts_sec":1733562022,"ts_usec":443913,"thread":"13520:140728028977296","session_name":"txn-recover","category":"WT_VERB_RECOVERY_PROGRESS","category_id":34,"verbose_level":"DEBUG_1","verbose_level_id":1,"msg":"Set global oldest timestamp: (0, 0)"}}}
{"t":{"$date":"2024-12-07T15:00:22.445+06:00"},"s":"I",  "c":"WTRECOV",  "id":22430,   "ctx":"initandlisten","msg":"WiredTiger message","attr":{"message":{"ts_sec":1733562022,"ts_usec":444913,"thread":"13520:140728028977296","session_name":"txn-recover","category":"WT_VERB_RECOVERY_PROGRESS","category_id":34,"verbose_level":"DEBUG_1","verbose_level_id":1,"msg":"recovery rollback to stable has successfully finished and ran for 0 milliseconds"}}}
{"t":{"$date":"2024-12-07T15:00:22.448+06:00"},"s":"I",  "c":"WTCHKPT",  "id":22430,   "ctx":"initandlisten","msg":"WiredTiger message","attr":{"message":{"ts_sec":1733562022,"ts_usec":447914,"thread":"13520:140728028977296","session_name":"WT_SESSION.checkpoint","category":"WT_VERB_CHECKPOINT_PROGRESS","category_id":7,"verbose_level":"DEBUG_1","verbose_level_id":1,"msg":"saving checkpoint snapshot min: 1, snapshot max: 1 snapshot count: 0, oldest timestamp: (0, 0) , meta checkpoint timestamp: (0, 0) base write gen: 43"}}}
{"t":{"$date":"2024-12-07T15:00:22.471+06:00"},"s":"I",  "c":"WTRECOV",  "id":22430,   "ctx":"initandlisten","msg":"WiredTiger message","attr":{"message":{"ts_sec":1733562022,"ts_usec":470918,"thread":"13520:140728028977296","session_name":"txn-recover","category":"WT_VERB_RECOVERY_PROGRESS","category_id":34,"verbose_level":"DEBUG_1","verbose_level_id":1,"msg":"recovery checkpoint has successfully finished and ran for 25 milliseconds"}}}
{"t":{"$date":"2024-12-07T15:00:22.471+06:00"},"s":"I",  "c":"WTRECOV",  "id":22430,   "ctx":"initandlisten","msg":"WiredTiger message","attr":{"message":{"ts_sec":1733562022,"ts_usec":470918,"thread":"13520:140728028977296","session_name":"txn-recover","category":"WT_VERB_RECOVERY_PROGRESS","category_id":34,"verbose_level":"DEBUG_1","verbose_level_id":1,"msg":"recovery was completed successfully and took 291ms, including 264ms for the log replay, 0ms for the rollback to stable, and 25ms for the checkpoint."}}}
{"t":{"$date":"2024-12-07T15:00:22.478+06:00"},"s":"I",  "c":"STORAGE",  "id":4795906, "ctx":"initandlisten","msg":"WiredTiger opened","attr":{"durationMillis":351}}
{"t":{"$date":"2024-12-07T15:00:22.478+06:00"},"s":"I",  "c":"RECOVERY", "id":23987,   "ctx":"initandlisten","msg":"WiredTiger recoveryTimestamp","attr":{"recoveryTimestamp":{"$timestamp":{"t":0,"i":0}}}}
{"t":{"$date":"2024-12-07T15:00:22.512+06:00"},"s":"W",  "c":"CONTROL",  "id":22120,   "ctx":"initandlisten","msg":"Access control is not enabled for the database. Read and write access to data and configuration is unrestricted","tags":["startupWarnings"]}
{"t":{"$date":"2024-12-07T15:00:22.532+06:00"},"s":"I",  "c":"NETWORK",  "id":4915702, "ctx":"initandlisten","msg":"Updated wire specification","attr":{"oldSpec":{"incomingExternalClient":{"minWireVersion":0,"maxWireVersion":25},"incomingInternalClient":{"minWireVersion":0,"maxWireVersion":25},"outgoing":{"minWireVersion":6,"maxWireVersion":25},"isInternalClient":true},"newSpec":{"incomingExternalClient":{"minWireVersion":0,"maxWireVersion":25},"incomingInternalClient":{"minWireVersion":25,"maxWireVersion":25},"outgoing":{"minWireVersion":25,"maxWireVersion":25},"isInternalClient":true}}}
{"t":{"$date":"2024-12-07T15:00:22.532+06:00"},"s":"I",  "c":"REPL",     "id":5853300, "ctx":"initandlisten","msg":"current featureCompatibilityVersion value","attr":{"featureCompatibilityVersion":"8.0","context":"startup"}}
{"t":{"$date":"2024-12-07T15:00:22.532+06:00"},"s":"I",  "c":"STORAGE",  "id":5071100, "ctx":"initandlisten","msg":"Clearing temp directory"}
{"t":{"$date":"2024-12-07T15:00:22.533+06:00"},"s":"I",  "c":"CONTROL",  "id":6608200, "ctx":"initandlisten","msg":"Initializing cluster server parameters from disk"}
{"t":{"$date":"2024-12-07T15:00:22.533+06:00"},"s":"I",  "c":"CONTROL",  "id":20536,   "ctx":"initandlisten","msg":"Flow Control is enabled on this deployment"}
{"t":{"$date":"2024-12-07T15:00:23.253+06:00"},"s":"I",  "c":"FTDC",     "id":20625,   "ctx":"initandlisten","msg":"Initializing full-time diagnostic data capture","attr":{"dataDirectory":"C:/Users/Moonshad/Documents/GitHub/Taxcom-Website/data/db/diagnostic.data"}}
{"t":{"$date":"2024-12-07T15:00:23.261+06:00"},"s":"I",  "c":"REPL",     "id":6015317, "ctx":"initandlisten","msg":"Setting new configuration state","attr":{"newState":"ConfigReplicationDisabled","oldState":"ConfigPreStart"}}
{"t":{"$date":"2024-12-07T15:00:23.262+06:00"},"s":"I",  "c":"STORAGE",  "id":22262,   "ctx":"initandlisten","msg":"Timestamp monitor starting"}
{"t":{"$date":"2024-12-07T15:00:23.262+06:00"},"s":"I",  "c":"STORAGE",  "id":7333401, "ctx":"initandlisten","msg":"Starting the DiskSpaceMonitor"}
{"t":{"$date":"2024-12-07T15:00:23.263+06:00"},"s":"I",  "c":"NETWORK",  "id":23015,   "ctx":"listener","msg":"Listening on","attr":{"address":"127.0.0.1:27017"}}
{"t":{"$date":"2024-12-07T15:00:23.263+06:00"},"s":"I",  "c":"NETWORK",  "id":23016,   "ctx":"listener","msg":"Waiting for connections","attr":{"port":27017,"ssl":"off"}}
{"t":{"$date":"2024-12-07T15:00:23.263+06:00"},"s":"I",  "c":"CONTROL",  "id":20555,   "ctx":"initandlisten","msg":"Service running"}
{"t":{"$date":"2024-12-07T15:00:23.263+06:00"},"s":"I",  "c":"CONTROL",  "id":8423403, "ctx":"initandlisten","msg":"mongod startup complete","attr":{"Summary of time elapsed":{"Startup from clean shutdown?":true,"Statistics":{"Set up periodic runner":"0 ms","Set up online certificate status protocol manager":"0 ms","Transport layer setup":"0 ms","Run initial syncer crash recovery":"0 ms","Create storage engine lock file in the data directory":"0 ms","Get metadata describing storage engine":"0 ms","Validate options in metadata against current startup options":"0 ms","Create storage engine":"372 ms","Write current PID to file":"10 ms","Initialize FCV before rebuilding indexes":"20 ms","Drop abandoned idents and get back indexes that need to be rebuilt or builds that need to be restarted":"0 ms","Rebuild indexes for collections":"0 ms","Load cluster parameters from disk for a standalone":"0 ms","Build user and roles graph":"0 ms","Set up the background thread pool responsible for waiting for opTimes to be majority committed":"0 ms","Start up the replication coordinator":"7 ms","Ensure the change stream collections on startup contain consistent data":"0 ms","Write startup options to the audit log":"0 ms","Start transport layer":"0 ms","_initAndListen total elapsed time":"1144 ms"}}}}
{"t":{"$date":"2024-12-07T15:00:24.006+06:00"},"s":"W",  "c":"CONTROL",  "id":636300,  "ctx":"ftdc","msg":"Use of deprecated server parameter name","attr":{"deprecatedName":"internalQueryCacheSize","canonicalName":"internalQueryCacheMaxEntriesPerCollection"}}
{"t":{"$date":"2024-12-07T15:00:24.006+06:00"},"s":"W",  "c":"CONTROL",  "id":636300,  "ctx":"ftdc","msg":"Use of deprecated server parameter name","attr":{"deprecatedName":"oplogSamplingLogIntervalSeconds","canonicalName":"collectionSamplingLogIntervalSeconds"}}
{"t":{"$date":"2024-12-07T15:00:24.006+06:00"},"s":"W",  "c":"NETWORK",  "id":23803,   "ctx":"ftdc","msg":"Use of deprecated server parameter 'sslMode', please use 'tlsMode' instead."}
{"t":{"$date":"2024-12-07T15:00:24.006+06:00"},"s":"W",  "c":"CONTROL",  "id":636300,  "ctx":"ftdc","msg":"Use of deprecated server parameter name","attr":{"deprecatedName":"wiredTigerConcurrentReadTransactions","canonicalName":"storageEngineConcurrentReadTransactions"}}
{"t":{"$date":"2024-12-07T15:00:24.006+06:00"},"s":"W",  "c":"CONTROL",  "id":636300,  "ctx":"ftdc","msg":"Use of deprecated server parameter name","attr":{"deprecatedName":"wiredTigerConcurrentWriteTransactions","canonicalName":"storageEngineConcurrentWriteTransactions"}}
{"t":{"$date":"2024-12-07T15:01:22.513+06:00"},"s":"I",  "c":"WTCHKPT",  "id":22430,   "ctx":"Checkpointer","msg":"WiredTiger message","attr":{"message":{"ts_sec":1733562082,"ts_usec":513613,"thread":"13520:140728028977296","session_name":"WT_SESSION.checkpoint","category":"WT_VERB_CHECKPOINT_PROGRESS","category_id":7,"verbose_level":"DEBUG_1","verbose_level_id":1,"msg":"saving checkpoint snapshot min: 3, snapshot max: 3 snapshot count: 0, oldest timestamp: (0, 0) , meta checkpoint timestamp: (0, 0) base write gen: 43"}}}
{"t":{"$date":"2024-12-07T15:02:22.521+06:00"},"s":"I",  "c":"WTCHKPT",  "id":22430,   "ctx":"Checkpointer","msg":"WiredTiger message","attr":{"message":{"ts_sec":1733562142,"ts_usec":520838,"thread":"13520:140728028977296","session_name":"WT_SESSION.checkpoint","category":"WT_VERB_CHECKPOINT_PROGRESS","category_id":7,"verbose_level":"DEBUG_1","verbose_level_id":1,"msg":"saving checkpoint snapshot min: 5, snapshot max: 5 snapshot count: 0, oldest timestamp: (0, 0) , meta checkpoint timestamp: (0, 0) base write gen: 43"}}}
{"t":{"$date":"2024-12-07T15:03:22.528+06:00"},"s":"I",  "c":"WTCHKPT",  "id":22430,   "ctx":"Checkpointer","msg":"WiredTiger message","attr":{"message":{"ts_sec":1733562202,"ts_usec":528001,"thread":"13520:140728028977296","session_name":"WT_SESSION.checkpoint","category":"WT_VERB_CHECKPOINT_PROGRESS","category_id":7,"verbose_level":"DEBUG_1","verbose_level_id":1,"msg":"saving checkpoint snapshot min: 6, snapshot max: 6 snapshot count: 0, oldest timestamp: (0, 0) , meta checkpoint timestamp: (0, 0) base write gen: 43"}}}
{"t":{"$date":"2024-12-07T15:04:22.535+06:00"},"s":"I",  "c":"WTCHKPT",  "id":22430,   "ctx":"Checkpointer","msg":"WiredTiger message","attr":{"message":{"ts_sec":1733562262,"ts_usec":535594,"thread":"13520:140728028977296","session_name":"WT_SESSION.checkpoint","category":"WT_VERB_CHECKPOINT_PROGRESS","category_id":7,"verbose_level":"DEBUG_1","verbose_level_id":1,"msg":"saving checkpoint snapshot min: 7, snapshot max: 7 snapshot count: 0, oldest timestamp: (0, 0) , meta checkpoint timestamp: (0, 0) base write gen: 43"}}}
{"t":{"$date":"2024-12-07T15:05:22.545+06:00"},"s":"I",  "c":"WTCHKPT",  "id":22430,   "ctx":"Checkpointer","msg":"WiredTiger message","attr":{"message":{"ts_sec":1733562322,"ts_usec":545191,"thread":"13520:140728028977296","session_name":"WT_SESSION.checkpoint","category":"WT_VERB_CHECKPOINT_PROGRESS","category_id":7,"verbose_level":"DEBUG_1","verbose_level_id":1,"msg":"saving checkpoint snapshot min: 8, snapshot max: 8 snapshot count: 0, oldest timestamp: (0, 0) , meta checkpoint timestamp: (0, 0) base write gen: 43"}}}
{"t":{"$date":"2024-12-07T15:06:22.552+06:00"},"s":"I",  "c":"WTCHKPT",  "id":22430,   "ctx":"Checkpointer","msg":"WiredTiger message","attr":{"message":{"ts_sec":1733562382,"ts_usec":552151,"thread":"13520:140728028977296","session_name":"WT_SESSION.checkpoint","category":"WT_VERB_CHECKPOINT_PROGRESS","category_id":7,"verbose_level":"DEBUG_1","verbose_level_id":1,"msg":"saving checkpoint snapshot min: 9, snapshot max: 9 snapshot count: 0, oldest timestamp: (0, 0) , meta checkpoint timestamp: (0, 0) base write gen: 43"}}}
{"t":{"$date":"2024-12-07T15:06:48.049+06:00"},"s":"I",  "c":"CONTROL",  "id":23315,   "ctx":"serviceShutdown","msg":"Received request from Windows Service Control Manager","attr":{"code":"SERVICE_CONTROL_STOP","inShutdown":"false"}}
{"t":{"$date":"2024-12-07T15:06:48.049+06:00"},"s":"I",  "c":"REPL",     "id":4784900, "ctx":"serviceShutdown","msg":"Stepping down the ReplicationCoordinator for shutdown","attr":{"waitTimeMillis":15000}}
{"t":{"$date":"2024-12-07T15:06:48.049+06:00"},"s":"I",  "c":"REPL",     "id":4794602, "ctx":"serviceShutdown","msg":"Attempting to enter quiesce mode"}
{"t":{"$date":"2024-12-07T15:06:48.049+06:00"},"s":"I",  "c":"STORAGE",  "id":7333402, "ctx":"serviceShutdown","msg":"Shutting down the DiskSpaceMonitor"}
{"t":{"$date":"2024-12-07T15:06:48.049+06:00"},"s":"I",  "c":"-",        "id":6371601, "ctx":"serviceShutdown","msg":"Shutting down the FLE Crud thread pool"}
{"t":{"$date":"2024-12-07T15:06:48.049+06:00"},"s":"I",  "c":"COMMAND",  "id":4784901, "ctx":"serviceShutdown","msg":"Shutting down the MirrorMaestro"}
{"t":{"$date":"2024-12-07T15:06:48.049+06:00"},"s":"I",  "c":"SHARDING", "id":4784902, "ctx":"serviceShutdown","msg":"Shutting down the WaitForMajorityService"}
{"t":{"$date":"2024-12-07T15:06:48.050+06:00"},"s":"I",  "c":"CONTROL",  "id":4784903, "ctx":"serviceShutdown","msg":"Shutting down the LogicalSessionCache"}
{"t":{"$date":"2024-12-07T15:06:48.050+06:00"},"s":"I",  "c":"NETWORK",  "id":8314100, "ctx":"serviceShutdown","msg":"Shutdown: Closing listener sockets"}
{"t":{"$date":"2024-12-07T15:06:48.050+06:00"},"s":"I",  "c":"NETWORK",  "id":4784905, "ctx":"serviceShutdown","msg":"Shutting down the global connection pool"}
{"t":{"$date":"2024-12-07T15:06:48.050+06:00"},"s":"I",  "c":"CONTROL",  "id":4784906, "ctx":"serviceShutdown","msg":"Shutting down the FlowControlTicketholder"}
{"t":{"$date":"2024-12-07T15:06:48.050+06:00"},"s":"I",  "c":"-",        "id":20520,   "ctx":"serviceShutdown","msg":"Stopping further Flow Control ticket acquisitions."}
{"t":{"$date":"2024-12-07T15:06:48.050+06:00"},"s":"I",  "c":"CONTROL",  "id":4784908, "ctx":"serviceShutdown","msg":"Shutting down the PeriodicThreadToAbortExpiredTransactions"}
{"t":{"$date":"2024-12-07T15:06:48.050+06:00"},"s":"I",  "c":"REPL",     "id":4784909, "ctx":"serviceShutdown","msg":"Shutting down the ReplicationCoordinator"}
{"t":{"$date":"2024-12-07T15:06:48.050+06:00"},"s":"I",  "c":"SHARDING", "id":4784910, "ctx":"serviceShutdown","msg":"Shutting down the ShardingInitializationMongoD"}
{"t":{"$date":"2024-12-07T15:06:48.050+06:00"},"s":"I",  "c":"REPL",     "id":4784911, "ctx":"serviceShutdown","msg":"Enqueuing the ReplicationStateTransitionLock for shutdown"}
{"t":{"$date":"2024-12-07T15:06:48.050+06:00"},"s":"I",  "c":"-",        "id":4784912, "ctx":"serviceShutdown","msg":"Killing all operations for shutdown"}
{"t":{"$date":"2024-12-07T15:06:48.050+06:00"},"s":"I",  "c":"-",        "id":4695300, "ctx":"serviceShutdown","msg":"Interrupted all currently running operations","attr":{"opsKilled":3}}
{"t":{"$date":"2024-12-07T15:06:48.050+06:00"},"s":"I",  "c":"TENANT_M", "id":5093807, "ctx":"serviceShutdown","msg":"Shutting down all TenantMigrationAccessBlockers on global shutdown"}
{"t":{"$date":"2024-12-07T15:06:48.050+06:00"},"s":"I",  "c":"ASIO",     "id":6529201, "ctx":"serviceShutdown","msg":"Network interface redundant shutdown","attr":{"state":"Stopped"}}
{"t":{"$date":"2024-12-07T15:06:48.050+06:00"},"s":"I",  "c":"ASIO",     "id":22582,   "ctx":"serviceShutdown","msg":"Killing all outstanding egress activity."}
{"t":{"$date":"2024-12-07T15:06:48.050+06:00"},"s":"I",  "c":"COMMAND",  "id":4784913, "ctx":"serviceShutdown","msg":"Shutting down all open transactions"}
{"t":{"$date":"2024-12-07T15:06:48.050+06:00"},"s":"I",  "c":"REPL",     "id":4784914, "ctx":"serviceShutdown","msg":"Acquiring the ReplicationStateTransitionLock for shutdown"}
{"t":{"$date":"2024-12-07T15:06:48.050+06:00"},"s":"I",  "c":"INDEX",    "id":4784915, "ctx":"serviceShutdown","msg":"Shutting down the IndexBuildsCoordinator"}
{"t":{"$date":"2024-12-07T15:06:48.050+06:00"},"s":"I",  "c":"NETWORK",  "id":4784918, "ctx":"serviceShutdown","msg":"Shutting down the ReplicaSetMonitor"}
{"t":{"$date":"2024-12-07T15:06:48.050+06:00"},"s":"I",  "c":"SHARDING", "id":4784921, "ctx":"serviceShutdown","msg":"Shutting down the MigrationUtilExecutor"}
{"t":{"$date":"2024-12-07T15:06:48.051+06:00"},"s":"I",  "c":"ASIO",     "id":22582,   "ctx":"MigrationUtil-TaskExecutor","msg":"Killing all outstanding egress activity."}
{"t":{"$date":"2024-12-07T15:06:48.051+06:00"},"s":"I",  "c":"NETWORK",  "id":20562,   "ctx":"serviceShutdown","msg":"Shutdown: Closing open transport sessions"}
{"t":{"$date":"2024-12-07T15:06:48.051+06:00"},"s":"I",  "c":"NETWORK",  "id":4784923, "ctx":"serviceShutdown","msg":"Shutting down the ASIO transport SessionManager"}
{"t":{"$date":"2024-12-07T15:06:48.051+06:00"},"s":"I",  "c":"CONTROL",  "id":4784927, "ctx":"serviceShutdown","msg":"Shutting down the HealthLog"}
{"t":{"$date":"2024-12-07T15:06:48.051+06:00"},"s":"I",  "c":"CONTROL",  "id":4784928, "ctx":"serviceShutdown","msg":"Shutting down the TTL monitor"}
{"t":{"$date":"2024-12-07T15:06:48.051+06:00"},"s":"I",  "c":"INDEX",    "id":3684100, "ctx":"serviceShutdown","msg":"Shutting down TTL collection monitor thread"}
{"t":{"$date":"2024-12-07T15:06:48.051+06:00"},"s":"I",  "c":"INDEX",    "id":3684101, "ctx":"serviceShutdown","msg":"Finished shutting down TTL collection monitor thread"}
{"t":{"$date":"2024-12-07T15:06:48.051+06:00"},"s":"I",  "c":"CONTROL",  "id":6278511, "ctx":"serviceShutdown","msg":"Shutting down the Change Stream Expired Pre-images Remover"}
{"t":{"$date":"2024-12-07T15:06:48.051+06:00"},"s":"I",  "c":"CONTROL",  "id":4784929, "ctx":"serviceShutdown","msg":"Acquiring the global lock for shutdown"}
{"t":{"$date":"2024-12-07T15:06:48.051+06:00"},"s":"I",  "c":"CONTROL",  "id":4784930, "ctx":"serviceShutdown","msg":"Shutting down the storage engine"}
{"t":{"$date":"2024-12-07T15:06:48.051+06:00"},"s":"I",  "c":"STORAGE",  "id":22320,   "ctx":"serviceShutdown","msg":"Shutting down journal flusher thread"}
{"t":{"$date":"2024-12-07T15:06:48.051+06:00"},"s":"I",  "c":"STORAGE",  "id":22321,   "ctx":"serviceShutdown","msg":"Finished shutting down journal flusher thread"}
{"t":{"$date":"2024-12-07T15:06:48.051+06:00"},"s":"I",  "c":"STORAGE",  "id":22322,   "ctx":"serviceShutdown","msg":"Shutting down checkpoint thread"}
{"t":{"$date":"2024-12-07T15:06:48.051+06:00"},"s":"I",  "c":"STORAGE",  "id":22323,   "ctx":"serviceShutdown","msg":"Finished shutting down checkpoint thread"}
{"t":{"$date":"2024-12-07T15:06:48.051+06:00"},"s":"I",  "c":"STORAGE",  "id":22261,   "ctx":"serviceShutdown","msg":"Timestamp monitor shutting down"}
{"t":{"$date":"2024-12-07T15:06:48.051+06:00"},"s":"I",  "c":"STORAGE",  "id":20282,   "ctx":"serviceShutdown","msg":"Deregistering all the collections"}
{"t":{"$date":"2024-12-07T15:06:48.051+06:00"},"s":"I",  "c":"STORAGE",  "id":22317,   "ctx":"serviceShutdown","msg":"WiredTigerKVEngine shutting down"}
{"t":{"$date":"2024-12-07T15:06:48.051+06:00"},"s":"I",  "c":"STORAGE",  "id":22318,   "ctx":"serviceShutdown","msg":"Shutting down session sweeper thread"}
{"t":{"$date":"2024-12-07T15:06:48.051+06:00"},"s":"I",  "c":"STORAGE",  "id":22319,   "ctx":"serviceShutdown","msg":"Finished shutting down session sweeper thread"}
{"t":{"$date":"2024-12-07T15:06:48.051+06:00"},"s":"I",  "c":"STORAGE",  "id":4795902, "ctx":"serviceShutdown","msg":"Closing WiredTiger","attr":{"closeConfig":"leak_memory=true,use_timestamp=false,"}}
{"t":{"$date":"2024-12-07T15:06:48.052+06:00"},"s":"I",  "c":"WTCHKPT",  "id":22430,   "ctx":"serviceShutdown","msg":"WiredTiger message","attr":{"message":{"ts_sec":1733562408,"ts_usec":51663,"thread":"13520:140728028977296","session_name":"close_ckpt","category":"WT_VERB_CHECKPOINT_PROGRESS","category_id":7,"verbose_level":"DEBUG_1","verbose_level_id":1,"msg":"saving checkpoint snapshot min: 10, snapshot max: 10 snapshot count: 0, oldest timestamp: (0, 0) , meta checkpoint timestamp: (0, 0) base write gen: 43"}}}
{"t":{"$date":"2024-12-07T15:06:48.058+06:00"},"s":"I",  "c":"WTRECOV",  "id":22430,   "ctx":"serviceShutdown","msg":"WiredTiger message","attr":{"message":{"ts_sec":1733562408,"ts_usec":57667,"thread":"13520:140728028977296","session_name":"WT_CONNECTION.close","category":"WT_VERB_RECOVERY_PROGRESS","category_id":34,"verbose_level":"DEBUG_1","verbose_level_id":1,"msg":"shutdown checkpoint has successfully finished and ran for 6 milliseconds"}}}
{"t":{"$date":"2024-12-07T15:06:48.058+06:00"},"s":"I",  "c":"WTRECOV",  "id":22430,   "ctx":"serviceShutdown","msg":"WiredTiger message","attr":{"message":{"ts_sec":1733562408,"ts_usec":57667,"thread":"13520:140728028977296","session_name":"WT_CONNECTION.close","category":"WT_VERB_RECOVERY_PROGRESS","category_id":34,"verbose_level":"DEBUG_1","verbose_level_id":1,"msg":"shutdown was completed successfully and took 6ms, including 0ms for the rollback to stable, and 6ms for the checkpoint."}}}
{"t":{"$date":"2024-12-07T15:06:48.079+06:00"},"s":"I",  "c":"STORAGE",  "id":4795901, "ctx":"serviceShutdown","msg":"WiredTiger closed","attr":{"durationMillis":28}}
{"t":{"$date":"2024-12-07T15:06:48.079+06:00"},"s":"I",  "c":"STORAGE",  "id":22281,   "ctx":"serviceShutdown","msg":"shutdown: removing fs lock..."}
{"t":{"$date":"2024-12-07T15:06:48.079+06:00"},"s":"I",  "c":"-",        "id":4784931, "ctx":"serviceShutdown","msg":"Dropping the scope cache for shutdown"}
{"t":{"$date":"2024-12-07T15:06:48.079+06:00"},"s":"I",  "c":"FTDC",     "id":20626,   "ctx":"serviceShutdown","msg":"Shutting down full-time diagnostic data capture"}
{"t":{"$date":"2024-12-07T15:06:48.083+06:00"},"s":"I",  "c":"CONTROL",  "id":20565,   "ctx":"serviceShutdown","msg":"Now exiting"}
{"t":{"$date":"2024-12-07T15:06:48.083+06:00"},"s":"I",  "c":"CONTROL",  "id":8423404, "ctx":"serviceShutdown","msg":"mongod shutdown complete","attr":{"Summary of time elapsed":{"Statistics":{"Enter terminal shutdown":"0 ms","Step down the replication coordinator for shutdown":"0 ms","Time spent in quiesce mode":"0 ms","Shut down FLE Crud subsystem":"0 ms","Shut down MirrorMaestro":"0 ms","Shut down WaitForMajorityService":"0 ms","Shut down the logical session cache":"1 ms","Shut down the global connection pool":"0 ms","Shut down the flow control ticket holder":"0 ms","Shut down the thread that aborts expired transactions":"0 ms","Kill all operations for shutdown":"0 ms","Shut down all tenant migration access blockers on global shutdown":"0 ms","Shut down all open transactions":"0 ms","Acquire the RSTL for shutdown":"0 ms","Shut down the IndexBuildsCoordinator and wait for index builds to finish":"0 ms","Shut down the replica set monitor":"0 ms","Shut down the migration util executor":"1 ms","Shut down the transport layer":"0 ms","Shut down the health log":"0 ms","Shut down the TTL monitor":"0 ms","Shut down expired pre-images and documents removers":"0 ms","Shut down the storage engine":"28 ms","Wait for the oplog cap maintainer thread to stop":"0 ms","Shut down full-time data capture":"0 ms","Shut down online certificate status protocol manager":"0 ms","shutdownTask total elapsed time":"34 ms"}}}}

{"t":{"$date":"2024-12-07T15:06:49.403+06:00"},"s":"I",  "c":"CONTROL",  "id":20698,   "ctx":"thread1","msg":"***** SERVER RESTARTED *****"}
{"t":{"$date":"2024-12-07T15:06:50.658+06:00"},"s":"I",  "c":"CONTROL",  "id":23285,   "ctx":"thread1","msg":"Automatically disabling TLS 1.0, to force-enable TLS 1.0 specify --sslDisabledProtocols 'none'"}
{"t":{"$date":"2024-12-07T15:06:50.659+06:00"},"s":"I",  "c":"CONTROL",  "id":5945603, "ctx":"thread1","msg":"Multi threading initialized"}
{"t":{"$date":"2024-12-07T15:06:50.660+06:00"},"s":"I",  "c":"NETWORK",  "id":4648601, "ctx":"thread1","msg":"Implicit TCP FastOpen unavailable. If TCP FastOpen is required, set at least one of the related parameters","attr":{"relatedParameters":["tcpFastOpenServer","tcpFastOpenClient","tcpFastOpenQueueSize"]}}
{"t":{"$date":"2024-12-07T15:06:50.660+06:00"},"s":"I",  "c":"NETWORK",  "id":4915701, "ctx":"thread1","msg":"Initialized wire specification","attr":{"spec":{"incomingExternalClient":{"minWireVersion":0,"maxWireVersion":25},"incomingInternalClient":{"minWireVersion":0,"maxWireVersion":25},"outgoing":{"minWireVersion":6,"maxWireVersion":25},"isInternalClient":true}}}
{"t":{"$date":"2024-12-07T15:06:50.661+06:00"},"s":"I",  "c":"CONTROL",  "id":23316,   "ctx":"thread1","msg":"Trying to start Windows service","attr":{"serviceName":"MongoDB"}}
{"t":{"$date":"2024-12-07T15:06:50.662+06:00"},"s":"I",  "c":"CONTROL",  "id":4615611, "ctx":"initandlisten","msg":"MongoDB starting","attr":{"pid":7320,"port":27017,"dbPath":"C:/Users/Moonshad/Documents/GitHub/Taxcom-Website/data/db","architecture":"64-bit","host":"DESKTOP-O3FOB0K"}}
{"t":{"$date":"2024-12-07T15:06:50.662+06:00"},"s":"I",  "c":"CONTROL",  "id":23398,   "ctx":"initandlisten","msg":"Target operating system minimum version","attr":{"targetMinOS":"Windows 7/Windows Server 2008 R2"}}
{"t":{"$date":"2024-12-07T15:06:50.662+06:00"},"s":"I",  "c":"CONTROL",  "id":23403,   "ctx":"initandlisten","msg":"Build Info","attr":{"buildInfo":{"version":"8.0.4","gitVersion":"bc35ab4305d9920d9d0491c1c9ef9b72383d31f9","modules":[],"allocator":"tcmalloc-gperf","environment":{"distmod":"windows","distarch":"x86_64","target_arch":"x86_64"}}}}
{"t":{"$date":"2024-12-07T15:06:50.662+06:00"},"s":"I",  "c":"CONTROL",  "id":51765,   "ctx":"initandlisten","msg":"Operating System","attr":{"os":{"name":"Microsoft Windows 10","version":"10.0 (build 19045)"}}}
{"t":{"$date":"2024-12-07T15:06:50.662+06:00"},"s":"I",  "c":"CONTROL",  "id":21951,   "ctx":"initandlisten","msg":"Options set by command line","attr":{"options":{"config":"C:\\Program Files\\MongoDB\\Server\\8.0\\bin\\mongod.cfg","net":{"bindIp":"127.0.0.1","port":27017},"service":true,"storage":{"dbPath":"C:\\Users\\Moonshad\\Documents\\GitHub\\Taxcom-Website\\data\\db"},"systemLog":{"destination":"file","logAppend":true,"path":"C:\\Users\\Moonshad\\Documents\\GitHub\\Taxcom-Website\\logs\\mongod.log"}}}}
{"t":{"$date":"2024-12-07T15:06:50.664+06:00"},"s":"I",  "c":"STORAGE",  "id":22270,   "ctx":"initandlisten","msg":"Storage engine to use detected by data files","attr":{"dbpath":"C:/Users/Moonshad/Documents/GitHub/Taxcom-Website/data/db","storageEngine":"wiredTiger"}}
{"t":{"$date":"2024-12-07T15:06:50.664+06:00"},"s":"I",  "c":"STORAGE",  "id":22315,   "ctx":"initandlisten","msg":"Opening WiredTiger","attr":{"config":"create,cache_size=6610M,session_max=33000,eviction=(threads_min=4,threads_max=4),config_base=false,statistics=(fast),log=(enabled=true,remove=true,path=journal,compressor=snappy),builtin_extension_config=(zstd=(compression_level=6)),file_manager=(close_idle_time=600,close_scan_interval=10,close_handle_minimum=2000),statistics_log=(wait=0),json_output=(error,message),verbose=[recovery_progress:1,checkpoint_progress:1,compact_progress:1,backup:0,checkpoint:0,compact:0,evict:0,history_store:0,recovery:0,rts:0,salvage:0,tiered:0,timestamp:0,transaction:0,verify:0,log:0],prefetch=(available=true,default=false),"}}
{"t":{"$date":"2024-12-07T15:06:50.680+06:00"},"s":"I",  "c":"WTRECOV",  "id":22430,   "ctx":"initandlisten","msg":"WiredTiger message","attr":{"message":{"ts_sec":1733562410,"ts_usec":680801,"thread":"7320:140728028977296","session_name":"txn-recover","category":"WT_VERB_RECOVERY_PROGRESS","category_id":34,"verbose_level":"DEBUG_1","verbose_level_id":1,"msg":"Recovering log 2 through 3"}}}
{"t":{"$date":"2024-12-07T15:06:50.711+06:00"},"s":"I",  "c":"WTRECOV",  "id":22430,   "ctx":"initandlisten","msg":"WiredTiger message","attr":{"message":{"ts_sec":1733562410,"ts_usec":710808,"thread":"7320:140728028977296","session_name":"txn-recover","category":"WT_VERB_RECOVERY_PROGRESS","category_id":34,"verbose_level":"DEBUG_1","verbose_level_id":1,"msg":"Recovering log 3 through 3"}}}
{"t":{"$date":"2024-12-07T15:06:50.747+06:00"},"s":"I",  "c":"WTRECOV",  "id":22430,   "ctx":"initandlisten","msg":"WiredTiger message","attr":{"message":{"ts_sec":1733562410,"ts_usec":746816,"thread":"7320:140728028977296","session_name":"txn-recover","category":"WT_VERB_RECOVERY_PROGRESS","category_id":34,"verbose_level":"DEBUG_1","verbose_level_id":1,"msg":"Main recovery loop: starting at 2/8704 to 3/256"}}}
{"t":{"$date":"2024-12-07T15:06:50.807+06:00"},"s":"I",  "c":"WTRECOV",  "id":22430,   "ctx":"initandlisten","msg":"WiredTiger message","attr":{"message":{"ts_sec":1733562410,"ts_usec":806829,"thread":"7320:140728028977296","session_name":"txn-recover","category":"WT_VERB_RECOVERY_PROGRESS","category_id":34,"verbose_level":"DEBUG_1","verbose_level_id":1,"msg":"Recovering log 2 through 3"}}}
{"t":{"$date":"2024-12-07T15:06:50.843+06:00"},"s":"I",  "c":"WTRECOV",  "id":22430,   "ctx":"initandlisten","msg":"WiredTiger message","attr":{"message":{"ts_sec":1733562410,"ts_usec":842837,"thread":"7320:140728028977296","session_name":"txn-recover","category":"WT_VERB_RECOVERY_PROGRESS","category_id":34,"verbose_level":"DEBUG_1","verbose_level_id":1,"msg":"Recovering log 3 through 3"}}}
{"t":{"$date":"2024-12-07T15:06:50.874+06:00"},"s":"I",  "c":"WTRECOV",  "id":22430,   "ctx":"initandlisten","msg":"WiredTiger message","attr":{"message":{"ts_sec":1733562410,"ts_usec":873844,"thread":"7320:140728028977296","session_name":"txn-recover","category":"WT_VERB_RECOVERY_PROGRESS","category_id":34,"verbose_level":"DEBUG_1","verbose_level_id":1,"msg":"recovery log replay has successfully finished and ran for 194 milliseconds"}}}
{"t":{"$date":"2024-12-07T15:06:50.874+06:00"},"s":"I",  "c":"WTRECOV",  "id":22430,   "ctx":"initandlisten","msg":"WiredTiger message","attr":{"message":{"ts_sec":1733562410,"ts_usec":873844,"thread":"7320:140728028977296","session_name":"txn-recover","category":"WT_VERB_RECOVERY_PROGRESS","category_id":34,"verbose_level":"DEBUG_1","verbose_level_id":1,"msg":"Set global recovery timestamp: (0, 0)"}}}
{"t":{"$date":"2024-12-07T15:06:50.874+06:00"},"s":"I",  "c":"WTRECOV",  "id":22430,   "ctx":"initandlisten","msg":"WiredTiger message","attr":{"message":{"ts_sec":1733562410,"ts_usec":873844,"thread":"7320:140728028977296","session_name":"txn-recover","category":"WT_VERB_RECOVERY_PROGRESS","category_id":34,"verbose_level":"DEBUG_1","verbose_level_id":1,"msg":"Set global oldest timestamp: (0, 0)"}}}
{"t":{"$date":"2024-12-07T15:06:50.875+06:00"},"s":"I",  "c":"WTRECOV",  "id":22430,   "ctx":"initandlisten","msg":"WiredTiger message","attr":{"message":{"ts_sec":1733562410,"ts_usec":874845,"thread":"7320:140728028977296","session_name":"txn-recover","category":"WT_VERB_RECOVERY_PROGRESS","category_id":34,"verbose_level":"DEBUG_1","verbose_level_id":1,"msg":"recovery rollback to stable has successfully finished and ran for 1 milliseconds"}}}
{"t":{"$date":"2024-12-07T15:06:50.876+06:00"},"s":"I",  "c":"WTCHKPT",  "id":22430,   "ctx":"initandlisten","msg":"WiredTiger message","attr":{"message":{"ts_sec":1733562410,"ts_usec":875844,"thread":"7320:140728028977296","session_name":"WT_SESSION.checkpoint","category":"WT_VERB_CHECKPOINT_PROGRESS","category_id":7,"verbose_level":"DEBUG_1","verbose_level_id":1,"msg":"saving checkpoint snapshot min: 1, snapshot max: 1 snapshot count: 0, oldest timestamp: (0, 0) , meta checkpoint timestamp: (0, 0) base write gen: 69"}}}
{"t":{"$date":"2024-12-07T15:06:50.882+06:00"},"s":"I",  "c":"WTRECOV",  "id":22430,   "ctx":"initandlisten","msg":"WiredTiger message","attr":{"message":{"ts_sec":1733562410,"ts_usec":881880,"thread":"7320:140728028977296","session_name":"txn-recover","category":"WT_VERB_RECOVERY_PROGRESS","category_id":34,"verbose_level":"DEBUG_1","verbose_level_id":1,"msg":"recovery checkpoint has successfully finished and ran for 7 milliseconds"}}}
{"t":{"$date":"2024-12-07T15:06:50.882+06:00"},"s":"I",  "c":"WTRECOV",  "id":22430,   "ctx":"initandlisten","msg":"WiredTiger message","attr":{"message":{"ts_sec":1733562410,"ts_usec":881880,"thread":"7320:140728028977296","session_name":"txn-recover","category":"WT_VERB_RECOVERY_PROGRESS","category_id":34,"verbose_level":"DEBUG_1","verbose_level_id":1,"msg":"recovery was completed successfully and took 202ms, including 194ms for the log replay, 1ms for the rollback to stable, and 7ms for the checkpoint."}}}
{"t":{"$date":"2024-12-07T15:06:50.884+06:00"},"s":"I",  "c":"STORAGE",  "id":4795906, "ctx":"initandlisten","msg":"WiredTiger opened","attr":{"durationMillis":220}}
{"t":{"$date":"2024-12-07T15:06:50.884+06:00"},"s":"I",  "c":"RECOVERY", "id":23987,   "ctx":"initandlisten","msg":"WiredTiger recoveryTimestamp","attr":{"recoveryTimestamp":{"$timestamp":{"t":0,"i":0}}}}
{"t":{"$date":"2024-12-07T15:06:50.891+06:00"},"s":"W",  "c":"CONTROL",  "id":22120,   "ctx":"initandlisten","msg":"Access control is not enabled for the database. Read and write access to data and configuration is unrestricted","tags":["startupWarnings"]}
{"t":{"$date":"2024-12-07T15:06:50.893+06:00"},"s":"I",  "c":"NETWORK",  "id":4915702, "ctx":"initandlisten","msg":"Updated wire specification","attr":{"oldSpec":{"incomingExternalClient":{"minWireVersion":0,"maxWireVersion":25},"incomingInternalClient":{"minWireVersion":0,"maxWireVersion":25},"outgoing":{"minWireVersion":6,"maxWireVersion":25},"isInternalClient":true},"newSpec":{"incomingExternalClient":{"minWireVersion":0,"maxWireVersion":25},"incomingInternalClient":{"minWireVersion":25,"maxWireVersion":25},"outgoing":{"minWireVersion":25,"maxWireVersion":25},"isInternalClient":true}}}
{"t":{"$date":"2024-12-07T15:06:50.893+06:00"},"s":"I",  "c":"REPL",     "id":5853300, "ctx":"initandlisten","msg":"current featureCompatibilityVersion value","attr":{"featureCompatibilityVersion":"8.0","context":"startup"}}
{"t":{"$date":"2024-12-07T15:06:50.894+06:00"},"s":"I",  "c":"STORAGE",  "id":5071100, "ctx":"initandlisten","msg":"Clearing temp directory"}
{"t":{"$date":"2024-12-07T15:06:50.894+06:00"},"s":"I",  "c":"CONTROL",  "id":6608200, "ctx":"initandlisten","msg":"Initializing cluster server parameters from disk"}
{"t":{"$date":"2024-12-07T15:06:50.894+06:00"},"s":"I",  "c":"CONTROL",  "id":20536,   "ctx":"initandlisten","msg":"Flow Control is enabled on this deployment"}
{"t":{"$date":"2024-12-07T15:06:51.048+06:00"},"s":"I",  "c":"FTDC",     "id":20625,   "ctx":"initandlisten","msg":"Initializing full-time diagnostic data capture","attr":{"dataDirectory":"C:/Users/Moonshad/Documents/GitHub/Taxcom-Website/data/db/diagnostic.data"}}
{"t":{"$date":"2024-12-07T15:06:51.049+06:00"},"s":"I",  "c":"REPL",     "id":6015317, "ctx":"initandlisten","msg":"Setting new configuration state","attr":{"newState":"ConfigReplicationDisabled","oldState":"ConfigPreStart"}}
{"t":{"$date":"2024-12-07T15:06:51.049+06:00"},"s":"I",  "c":"STORAGE",  "id":22262,   "ctx":"initandlisten","msg":"Timestamp monitor starting"}
{"t":{"$date":"2024-12-07T15:06:51.049+06:00"},"s":"I",  "c":"STORAGE",  "id":7333401, "ctx":"initandlisten","msg":"Starting the DiskSpaceMonitor"}
{"t":{"$date":"2024-12-07T15:06:51.051+06:00"},"s":"I",  "c":"NETWORK",  "id":23015,   "ctx":"listener","msg":"Listening on","attr":{"address":"127.0.0.1:27017"}}
{"t":{"$date":"2024-12-07T15:06:51.051+06:00"},"s":"I",  "c":"NETWORK",  "id":23016,   "ctx":"listener","msg":"Waiting for connections","attr":{"port":27017,"ssl":"off"}}
{"t":{"$date":"2024-12-07T15:06:51.051+06:00"},"s":"I",  "c":"CONTROL",  "id":20555,   "ctx":"initandlisten","msg":"Service running"}
{"t":{"$date":"2024-12-07T15:06:51.051+06:00"},"s":"I",  "c":"CONTROL",  "id":8423403, "ctx":"initandlisten","msg":"mongod startup complete","attr":{"Summary of time elapsed":{"Startup from clean shutdown?":true,"Statistics":{"Set up periodic runner":"0 ms","Set up online certificate status protocol manager":"0 ms","Transport layer setup":"0 ms","Run initial syncer crash recovery":"0 ms","Create storage engine lock file in the data directory":"0 ms","Get metadata describing storage engine":"0 ms","Validate options in metadata against current startup options":"0 ms","Create storage engine":"221 ms","Write current PID to file":"0 ms","Initialize FCV before rebuilding indexes":"1 ms","Drop abandoned idents and get back indexes that need to be rebuilt or builds that need to be restarted":"0 ms","Rebuild indexes for collections":"0 ms","Load cluster parameters from disk for a standalone":"0 ms","Build user and roles graph":"0 ms","Set up the background thread pool responsible for waiting for opTimes to be majority committed":"0 ms","Start up the replication coordinator":"1 ms","Ensure the change stream collections on startup contain consistent data":"0 ms","Write startup options to the audit log":"0 ms","Start transport layer":"1 ms","_initAndListen total elapsed time":"389 ms"}}}}
{"t":{"$date":"2024-12-07T15:06:52.006+06:00"},"s":"W",  "c":"CONTROL",  "id":636300,  "ctx":"ftdc","msg":"Use of deprecated server parameter name","attr":{"deprecatedName":"internalQueryCacheSize","canonicalName":"internalQueryCacheMaxEntriesPerCollection"}}
{"t":{"$date":"2024-12-07T15:06:52.006+06:00"},"s":"W",  "c":"CONTROL",  "id":636300,  "ctx":"ftdc","msg":"Use of deprecated server parameter name","attr":{"deprecatedName":"oplogSamplingLogIntervalSeconds","canonicalName":"collectionSamplingLogIntervalSeconds"}}
{"t":{"$date":"2024-12-07T15:06:52.006+06:00"},"s":"W",  "c":"NETWORK",  "id":23803,   "ctx":"ftdc","msg":"Use of deprecated server parameter 'sslMode', please use 'tlsMode' instead."}
{"t":{"$date":"2024-12-07T15:06:52.006+06:00"},"s":"W",  "c":"CONTROL",  "id":636300,  "ctx":"ftdc","msg":"Use of deprecated server parameter name","attr":{"deprecatedName":"wiredTigerConcurrentReadTransactions","canonicalName":"storageEngineConcurrentReadTransactions"}}
{"t":{"$date":"2024-12-07T15:06:52.006+06:00"},"s":"W",  "c":"CONTROL",  "id":636300,  "ctx":"ftdc","msg":"Use of deprecated server parameter name","attr":{"deprecatedName":"wiredTigerConcurrentWriteTransactions","canonicalName":"storageEngineConcurrentWriteTransactions"}}
{"t":{"$date":"2024-12-07T15:07:50.893+06:00"},"s":"I",  "c":"WTCHKPT",  "id":22430,   "ctx":"Checkpointer","msg":"WiredTiger message","attr":{"message":{"ts_sec":1733562470,"ts_usec":892863,"thread":"7320:140728028977296","session_name":"WT_SESSION.checkpoint","category":"WT_VERB_CHECKPOINT_PROGRESS","category_id":7,"verbose_level":"DEBUG_1","verbose_level_id":1,"msg":"saving checkpoint snapshot min: 3, snapshot max: 3 snapshot count: 0, oldest timestamp: (0, 0) , meta checkpoint timestamp: (0, 0) base write gen: 69"}}}
{"t":{"$date":"2024-12-07T15:08:50.902+06:00"},"s":"I",  "c":"WTCHKPT",  "id":22430,   "ctx":"Checkpointer","msg":"WiredTiger message","attr":{"message":{"ts_sec":1733562530,"ts_usec":902335,"thread":"7320:140728028977296","session_name":"WT_SESSION.checkpoint","category":"WT_VERB_CHECKPOINT_PROGRESS","category_id":7,"verbose_level":"DEBUG_1","verbose_level_id":1,"msg":"saving checkpoint snapshot min: 5, snapshot max: 5 snapshot count: 0, oldest timestamp: (0, 0) , meta checkpoint timestamp: (0, 0) base write gen: 69"}}}
{"t":{"$date":"2024-12-07T15:09:50.909+06:00"},"s":"I",  "c":"WTCHKPT",  "id":22430,   "ctx":"Checkpointer","msg":"WiredTiger message","attr":{"message":{"ts_sec":1733562590,"ts_usec":909524,"thread":"7320:140728028977296","session_name":"WT_SESSION.checkpoint","category":"WT_VERB_CHECKPOINT_PROGRESS","category_id":7,"verbose_level":"DEBUG_1","verbose_level_id":1,"msg":"saving checkpoint snapshot min: 6, snapshot max: 6 snapshot count: 0, oldest timestamp: (0, 0) , meta checkpoint timestamp: (0, 0) base write gen: 69"}}}
{"t":{"$date":"2024-12-07T15:10:50.917+06:00"},"s":"I",  "c":"WTCHKPT",  "id":22430,   "ctx":"Checkpointer","msg":"WiredTiger message","attr":{"message":{"ts_sec":1733562650,"ts_usec":917529,"thread":"7320:140728028977296","session_name":"WT_SESSION.checkpoint","category":"WT_VERB_CHECKPOINT_PROGRESS","category_id":7,"verbose_level":"DEBUG_1","verbose_level_id":1,"msg":"saving checkpoint snapshot min: 7, snapshot max: 7 snapshot count: 0, oldest timestamp: (0, 0) , meta checkpoint timestamp: (0, 0) base write gen: 69"}}}
{"t":{"$date":"2024-12-07T15:11:50.924+06:00"},"s":"I",  "c":"WTCHKPT",  "id":22430,   "ctx":"Checkpointer","msg":"WiredTiger message","attr":{"message":{"ts_sec":1733562710,"ts_usec":924535,"thread":"7320:140728028977296","session_name":"WT_SESSION.checkpoint","category":"WT_VERB_CHECKPOINT_PROGRESS","category_id":7,"verbose_level":"DEBUG_1","verbose_level_id":1,"msg":"saving checkpoint snapshot min: 8, snapshot max: 8 snapshot count: 0, oldest timestamp: (0, 0) , meta checkpoint timestamp: (0, 0) base write gen: 69"}}}
{"t":{"$date":"2024-12-07T15:12:50.931+06:00"},"s":"I",  "c":"WTCHKPT",  "id":22430,   "ctx":"Checkpointer","msg":"WiredTiger message","attr":{"message":{"ts_sec":1733562770,"ts_usec":931395,"thread":"7320:140728028977296","session_name":"WT_SESSION.checkpoint","category":"WT_VERB_CHECKPOINT_PROGRESS","category_id":7,"verbose_level":"DEBUG_1","verbose_level_id":1,"msg":"saving checkpoint snapshot min: 9, snapshot max: 9 snapshot count: 0, oldest timestamp: (0, 0) , meta checkpoint timestamp: (0, 0) base write gen: 69"}}}
{"t":{"$date":"2024-12-07T15:13:50.938+06:00"},"s":"I",  "c":"WTCHKPT",  "id":22430,   "ctx":"Checkpointer","msg":"WiredTiger message","attr":{"message":{"ts_sec":1733562830,"ts_usec":937917,"thread":"7320:140728028977296","session_name":"WT_SESSION.checkpoint","category":"WT_VERB_CHECKPOINT_PROGRESS","category_id":7,"verbose_level":"DEBUG_1","verbose_level_id":1,"msg":"saving checkpoint snapshot min: 10, snapshot max: 10 snapshot count: 0, oldest timestamp: (0, 0) , meta checkpoint timestamp: (0, 0) base write gen: 69"}}}
{"t":{"$date":"2024-12-07T15:14:50.946+06:00"},"s":"I",  "c":"WTCHKPT",  "id":22430,   "ctx":"Checkpointer","msg":"WiredTiger message","attr":{"message":{"ts_sec":1733562890,"ts_usec":945851,"thread":"7320:140728028977296","session_name":"WT_SESSION.checkpoint","category":"WT_VERB_CHECKPOINT_PROGRESS","category_id":7,"verbose_level":"DEBUG_1","verbose_level_id":1,"msg":"saving checkpoint snapshot min: 11, snapshot max: 11 snapshot count: 0, oldest timestamp: (0, 0) , meta checkpoint timestamp: (0, 0) base write gen: 69"}}}
{"t":{"$date":"2024-12-07T15:15:50.953+06:00"},"s":"I",  "c":"WTCHKPT",  "id":22430,   "ctx":"Checkpointer","msg":"WiredTiger message","attr":{"message":{"ts_sec":1733562950,"ts_usec":953099,"thread":"7320:140728028977296","session_name":"WT_SESSION.checkpoint","category":"WT_VERB_CHECKPOINT_PROGRESS","category_id":7,"verbose_level":"DEBUG_1","verbose_level_id":1,"msg":"saving checkpoint snapshot min: 12, snapshot max: 12 snapshot count: 0, oldest timestamp: (0, 0) , meta checkpoint timestamp: (0, 0) base write gen: 69"}}}
{"t":{"$date":"2024-12-07T15:16:50.960+06:00"},"s":"I",  "c":"WTCHKPT",  "id":22430,   "ctx":"Checkpointer","msg":"WiredTiger message","attr":{"message":{"ts_sec":1733563010,"ts_usec":960496,"thread":"7320:140728028977296","session_name":"WT_SESSION.checkpoint","category":"WT_VERB_CHECKPOINT_PROGRESS","category_id":7,"verbose_level":"DEBUG_1","verbose_level_id":1,"msg":"saving checkpoint snapshot min: 13, snapshot max: 13 snapshot count: 0, oldest timestamp: (0, 0) , meta checkpoint timestamp: (0, 0) base write gen: 69"}}}
{"t":{"$date":"2024-12-07T15:17:00.868+06:00"},"s":"I",  "c":"CONTROL",  "id":23315,   "ctx":"serviceShutdown","msg":"Received request from Windows Service Control Manager","attr":{"code":"SERVICE_CONTROL_STOP","inShutdown":"false"}}
{"t":{"$date":"2024-12-07T15:17:00.868+06:00"},"s":"I",  "c":"REPL",     "id":4784900, "ctx":"serviceShutdown","msg":"Stepping down the ReplicationCoordinator for shutdown","attr":{"waitTimeMillis":15000}}
{"t":{"$date":"2024-12-07T15:17:00.868+06:00"},"s":"I",  "c":"REPL",     "id":4794602, "ctx":"serviceShutdown","msg":"Attempting to enter quiesce mode"}
{"t":{"$date":"2024-12-07T15:17:00.868+06:00"},"s":"I",  "c":"STORAGE",  "id":7333402, "ctx":"serviceShutdown","msg":"Shutting down the DiskSpaceMonitor"}
{"t":{"$date":"2024-12-07T15:17:00.868+06:00"},"s":"I",  "c":"-",        "id":6371601, "ctx":"serviceShutdown","msg":"Shutting down the FLE Crud thread pool"}
{"t":{"$date":"2024-12-07T15:17:00.868+06:00"},"s":"I",  "c":"COMMAND",  "id":4784901, "ctx":"serviceShutdown","msg":"Shutting down the MirrorMaestro"}
{"t":{"$date":"2024-12-07T15:17:00.868+06:00"},"s":"I",  "c":"SHARDING", "id":4784902, "ctx":"serviceShutdown","msg":"Shutting down the WaitForMajorityService"}
{"t":{"$date":"2024-12-07T15:17:00.869+06:00"},"s":"I",  "c":"CONTROL",  "id":4784903, "ctx":"serviceShutdown","msg":"Shutting down the LogicalSessionCache"}
{"t":{"$date":"2024-12-07T15:17:00.869+06:00"},"s":"I",  "c":"NETWORK",  "id":8314100, "ctx":"serviceShutdown","msg":"Shutdown: Closing listener sockets"}
{"t":{"$date":"2024-12-07T15:17:00.869+06:00"},"s":"I",  "c":"NETWORK",  "id":4784905, "ctx":"serviceShutdown","msg":"Shutting down the global connection pool"}
{"t":{"$date":"2024-12-07T15:17:00.869+06:00"},"s":"I",  "c":"CONTROL",  "id":4784906, "ctx":"serviceShutdown","msg":"Shutting down the FlowControlTicketholder"}
{"t":{"$date":"2024-12-07T15:17:00.869+06:00"},"s":"I",  "c":"-",        "id":20520,   "ctx":"serviceShutdown","msg":"Stopping further Flow Control ticket acquisitions."}
{"t":{"$date":"2024-12-07T15:17:00.869+06:00"},"s":"I",  "c":"CONTROL",  "id":4784908, "ctx":"serviceShutdown","msg":"Shutting down the PeriodicThreadToAbortExpiredTransactions"}
{"t":{"$date":"2024-12-07T15:17:00.869+06:00"},"s":"I",  "c":"REPL",     "id":4784909, "ctx":"serviceShutdown","msg":"Shutting down the ReplicationCoordinator"}
{"t":{"$date":"2024-12-07T15:17:00.869+06:00"},"s":"I",  "c":"SHARDING", "id":4784910, "ctx":"serviceShutdown","msg":"Shutting down the ShardingInitializationMongoD"}
{"t":{"$date":"2024-12-07T15:17:00.869+06:00"},"s":"I",  "c":"REPL",     "id":4784911, "ctx":"serviceShutdown","msg":"Enqueuing the ReplicationStateTransitionLock for shutdown"}
{"t":{"$date":"2024-12-07T15:17:00.869+06:00"},"s":"I",  "c":"-",        "id":4784912, "ctx":"serviceShutdown","msg":"Killing all operations for shutdown"}
{"t":{"$date":"2024-12-07T15:17:00.869+06:00"},"s":"I",  "c":"-",        "id":4695300, "ctx":"serviceShutdown","msg":"Interrupted all currently running operations","attr":{"opsKilled":3}}
{"t":{"$date":"2024-12-07T15:17:00.869+06:00"},"s":"I",  "c":"TENANT_M", "id":5093807, "ctx":"serviceShutdown","msg":"Shutting down all TenantMigrationAccessBlockers on global shutdown"}
{"t":{"$date":"2024-12-07T15:17:00.869+06:00"},"s":"I",  "c":"ASIO",     "id":6529201, "ctx":"serviceShutdown","msg":"Network interface redundant shutdown","attr":{"state":"Stopped"}}
{"t":{"$date":"2024-12-07T15:17:00.869+06:00"},"s":"I",  "c":"ASIO",     "id":22582,   "ctx":"serviceShutdown","msg":"Killing all outstanding egress activity."}
{"t":{"$date":"2024-12-07T15:17:00.869+06:00"},"s":"I",  "c":"COMMAND",  "id":4784913, "ctx":"serviceShutdown","msg":"Shutting down all open transactions"}
{"t":{"$date":"2024-12-07T15:17:00.869+06:00"},"s":"I",  "c":"REPL",     "id":4784914, "ctx":"serviceShutdown","msg":"Acquiring the ReplicationStateTransitionLock for shutdown"}
{"t":{"$date":"2024-12-07T15:17:00.869+06:00"},"s":"I",  "c":"INDEX",    "id":4784915, "ctx":"serviceShutdown","msg":"Shutting down the IndexBuildsCoordinator"}
{"t":{"$date":"2024-12-07T15:17:00.869+06:00"},"s":"I",  "c":"NETWORK",  "id":4784918, "ctx":"serviceShutdown","msg":"Shutting down the ReplicaSetMonitor"}
{"t":{"$date":"2024-12-07T15:17:00.869+06:00"},"s":"I",  "c":"SHARDING", "id":4784921, "ctx":"serviceShutdown","msg":"Shutting down the MigrationUtilExecutor"}
{"t":{"$date":"2024-12-07T15:17:00.869+06:00"},"s":"I",  "c":"ASIO",     "id":22582,   "ctx":"MigrationUtil-TaskExecutor","msg":"Killing all outstanding egress activity."}
{"t":{"$date":"2024-12-07T15:17:00.869+06:00"},"s":"I",  "c":"NETWORK",  "id":20562,   "ctx":"serviceShutdown","msg":"Shutdown: Closing open transport sessions"}
{"t":{"$date":"2024-12-07T15:17:00.870+06:00"},"s":"I",  "c":"NETWORK",  "id":4784923, "ctx":"serviceShutdown","msg":"Shutting down the ASIO transport SessionManager"}
{"t":{"$date":"2024-12-07T15:17:00.870+06:00"},"s":"I",  "c":"CONTROL",  "id":4784927, "ctx":"serviceShutdown","msg":"Shutting down the HealthLog"}
{"t":{"$date":"2024-12-07T15:17:00.870+06:00"},"s":"I",  "c":"CONTROL",  "id":4784928, "ctx":"serviceShutdown","msg":"Shutting down the TTL monitor"}
{"t":{"$date":"2024-12-07T15:17:00.870+06:00"},"s":"I",  "c":"INDEX",    "id":3684100, "ctx":"serviceShutdown","msg":"Shutting down TTL collection monitor thread"}
{"t":{"$date":"2024-12-07T15:17:00.870+06:00"},"s":"I",  "c":"INDEX",    "id":3684101, "ctx":"serviceShutdown","msg":"Finished shutting down TTL collection monitor thread"}
{"t":{"$date":"2024-12-07T15:17:00.870+06:00"},"s":"I",  "c":"CONTROL",  "id":6278511, "ctx":"serviceShutdown","msg":"Shutting down the Change Stream Expired Pre-images Remover"}
{"t":{"$date":"2024-12-07T15:17:00.870+06:00"},"s":"I",  "c":"CONTROL",  "id":4784929, "ctx":"serviceShutdown","msg":"Acquiring the global lock for shutdown"}
{"t":{"$date":"2024-12-07T15:17:00.870+06:00"},"s":"I",  "c":"CONTROL",  "id":4784930, "ctx":"serviceShutdown","msg":"Shutting down the storage engine"}
{"t":{"$date":"2024-12-07T15:17:00.870+06:00"},"s":"I",  "c":"STORAGE",  "id":22320,   "ctx":"serviceShutdown","msg":"Shutting down journal flusher thread"}
{"t":{"$date":"2024-12-07T15:17:00.870+06:00"},"s":"I",  "c":"STORAGE",  "id":22321,   "ctx":"serviceShutdown","msg":"Finished shutting down journal flusher thread"}
{"t":{"$date":"2024-12-07T15:17:00.870+06:00"},"s":"I",  "c":"STORAGE",  "id":22322,   "ctx":"serviceShutdown","msg":"Shutting down checkpoint thread"}
{"t":{"$date":"2024-12-07T15:17:00.870+06:00"},"s":"I",  "c":"STORAGE",  "id":22323,   "ctx":"serviceShutdown","msg":"Finished shutting down checkpoint thread"}
{"t":{"$date":"2024-12-07T15:17:00.870+06:00"},"s":"I",  "c":"STORAGE",  "id":22261,   "ctx":"serviceShutdown","msg":"Timestamp monitor shutting down"}
{"t":{"$date":"2024-12-07T15:17:00.870+06:00"},"s":"I",  "c":"STORAGE",  "id":20282,   "ctx":"serviceShutdown","msg":"Deregistering all the collections"}
{"t":{"$date":"2024-12-07T15:17:00.870+06:00"},"s":"I",  "c":"STORAGE",  "id":22317,   "ctx":"serviceShutdown","msg":"WiredTigerKVEngine shutting down"}
{"t":{"$date":"2024-12-07T15:17:00.870+06:00"},"s":"I",  "c":"STORAGE",  "id":22318,   "ctx":"serviceShutdown","msg":"Shutting down session sweeper thread"}
{"t":{"$date":"2024-12-07T15:17:00.870+06:00"},"s":"I",  "c":"STORAGE",  "id":22319,   "ctx":"serviceShutdown","msg":"Finished shutting down session sweeper thread"}
{"t":{"$date":"2024-12-07T15:17:00.870+06:00"},"s":"I",  "c":"STORAGE",  "id":4795902, "ctx":"serviceShutdown","msg":"Closing WiredTiger","attr":{"closeConfig":"leak_memory=true,use_timestamp=false,"}}
{"t":{"$date":"2024-12-07T15:17:00.870+06:00"},"s":"I",  "c":"WTCHKPT",  "id":22430,   "ctx":"serviceShutdown","msg":"WiredTiger message","attr":{"message":{"ts_sec":1733563020,"ts_usec":870438,"thread":"7320:140728028977296","session_name":"close_ckpt","category":"WT_VERB_CHECKPOINT_PROGRESS","category_id":7,"verbose_level":"DEBUG_1","verbose_level_id":1,"msg":"saving checkpoint snapshot min: 14, snapshot max: 14 snapshot count: 0, oldest timestamp: (0, 0) , meta checkpoint timestamp: (0, 0) base write gen: 69"}}}
{"t":{"$date":"2024-12-07T15:17:00.876+06:00"},"s":"I",  "c":"WTRECOV",  "id":22430,   "ctx":"serviceShutdown","msg":"WiredTiger message","attr":{"message":{"ts_sec":1733563020,"ts_usec":875735,"thread":"7320:140728028977296","session_name":"WT_CONNECTION.close","category":"WT_VERB_RECOVERY_PROGRESS","category_id":34,"verbose_level":"DEBUG_1","verbose_level_id":1,"msg":"shutdown checkpoint has successfully finished and ran for 5 milliseconds"}}}
{"t":{"$date":"2024-12-07T15:17:00.876+06:00"},"s":"I",  "c":"WTRECOV",  "id":22430,   "ctx":"serviceShutdown","msg":"WiredTiger message","attr":{"message":{"ts_sec":1733563020,"ts_usec":875735,"thread":"7320:140728028977296","session_name":"WT_CONNECTION.close","category":"WT_VERB_RECOVERY_PROGRESS","category_id":34,"verbose_level":"DEBUG_1","verbose_level_id":1,"msg":"shutdown was completed successfully and took 5ms, including 0ms for the rollback to stable, and 5ms for the checkpoint."}}}
{"t":{"$date":"2024-12-07T15:17:00.890+06:00"},"s":"I",  "c":"STORAGE",  "id":4795901, "ctx":"serviceShutdown","msg":"WiredTiger closed","attr":{"durationMillis":20}}
{"t":{"$date":"2024-12-07T15:17:00.890+06:00"},"s":"I",  "c":"STORAGE",  "id":22281,   "ctx":"serviceShutdown","msg":"shutdown: removing fs lock..."}
{"t":{"$date":"2024-12-07T15:17:00.891+06:00"},"s":"I",  "c":"-",        "id":4784931, "ctx":"serviceShutdown","msg":"Dropping the scope cache for shutdown"}
{"t":{"$date":"2024-12-07T15:17:00.891+06:00"},"s":"I",  "c":"FTDC",     "id":20626,   "ctx":"serviceShutdown","msg":"Shutting down full-time diagnostic data capture"}
{"t":{"$date":"2024-12-07T15:17:00.893+06:00"},"s":"I",  "c":"CONTROL",  "id":20565,   "ctx":"serviceShutdown","msg":"Now exiting"}
{"t":{"$date":"2024-12-07T15:17:00.893+06:00"},"s":"I",  "c":"CONTROL",  "id":8423404, "ctx":"serviceShutdown","msg":"mongod shutdown complete","attr":{"Summary of time elapsed":{"Statistics":{"Enter terminal shutdown":"0 ms","Step down the replication coordinator for shutdown":"0 ms","Time spent in quiesce mode":"0 ms","Shut down FLE Crud subsystem":"0 ms","Shut down MirrorMaestro":"0 ms","Shut down WaitForMajorityService":"0 ms","Shut down the logical session cache":"1 ms","Shut down the global connection pool":"0 ms","Shut down the flow control ticket holder":"0 ms","Shut down the thread that aborts expired transactions":"0 ms","Kill all operations for shutdown":"0 ms","Shut down all tenant migration access blockers on global shutdown":"0 ms","Shut down all open transactions":"0 ms","Acquire the RSTL for shutdown":"0 ms","Shut down the IndexBuildsCoordinator and wait for index builds to finish":"0 ms","Shut down the replica set monitor":"0 ms","Shut down the migration util executor":"0 ms","Shut down the transport layer":"1 ms","Shut down the health log":"0 ms","Shut down the TTL monitor":"0 ms","Shut down expired pre-images and documents removers":"0 ms","Shut down the storage engine":"21 ms","Wait for the oplog cap maintainer thread to stop":"0 ms","Shut down full-time data capture":"0 ms","Shut down online certificate status protocol manager":"0 ms","shutdownTask total elapsed time":"25 ms"}}}}
